<?xml version="1.0" encoding="UTF-8"?>
<!-- Generated by org.testng.reporters.JUnitXMLReporter -->
<testsuite hostname="DESKTOP-2QEPC1C" ignored="0" name="Default test" tests="4" failures="0" timestamp="15 Mar 2020 04:50:34 GMT" time="19.078" errors="0">
  <testcase name="verifyDressTag" time="8.056" classname="testPage.testDressTag"/>
  <testcase name="verifyProductCount" time="1.56" classname="testPage.testDressTag"/>
  <testcase name="verifyAddtoCart" time="5.67" classname="testPage.testDressTag"/>
  <testcase name="verifyEmailSuscription" time="3.725" classname="testPage.testDressTag"/>
</testsuite> <!-- Default test -->
