<?xml version="1.0" encoding="UTF-8"?>
<testng-results skipped="0" failed="0" ignored="0" total="4" passed="4">
  <reporter-output>
  </reporter-output>
  <suite name="Default suite" duration-ms="19078" started-at="2020-03-15T04:50:14Z" finished-at="2020-03-15T04:50:33Z">
    <groups>
    </groups>
    <test name="Default test" duration-ms="19078" started-at="2020-03-15T04:50:14Z" finished-at="2020-03-15T04:50:33Z">
      <class name="testPage.testDressTag">
        <test-method status="PASS" signature="verifyDressTag()[pri:0, instance:testPage.testDressTag@6e6f2380]" name="verifyDressTag" duration-ms="8056" started-at="2020-03-15T10:20:14Z" finished-at="2020-03-15T10:20:22Z">
          <reporter-output>
          </reporter-output>
        </test-method> <!-- verifyDressTag -->
        <test-method status="PASS" signature="verifyProductCount()[pri:1, instance:testPage.testDressTag@6e6f2380]" name="verifyProductCount" duration-ms="1560" started-at="2020-03-15T10:20:22Z" finished-at="2020-03-15T10:20:24Z">
          <reporter-output>
          </reporter-output>
        </test-method> <!-- verifyProductCount -->
        <test-method status="PASS" signature="verifyAddtoCart()[pri:2, instance:testPage.testDressTag@6e6f2380]" name="verifyAddtoCart" duration-ms="5670" started-at="2020-03-15T10:20:24Z" finished-at="2020-03-15T10:20:29Z">
          <reporter-output>
          </reporter-output>
        </test-method> <!-- verifyAddtoCart -->
        <test-method status="PASS" signature="verifyEmailSuscription()[pri:3, instance:testPage.testDressTag@6e6f2380]" name="verifyEmailSuscription" duration-ms="3725" started-at="2020-03-15T10:20:29Z" finished-at="2020-03-15T10:20:33Z">
          <reporter-output>
          </reporter-output>
        </test-method> <!-- verifyEmailSuscription -->
      </class> <!-- testPage.testDressTag -->
    </test> <!-- Default test -->
  </suite> <!-- Default suite -->
</testng-results>
